生成启动时间为 2019/4/1 16:16:09。
     1>项目“D:\code\VS_project\STL\STL综合案例(比赛)\比赛案例\比赛案例\比赛案例.vcxproj”在节点 2 上(Build 个目标)。
     1>ClCompile:
         E:\Program Files (x86)\Microsoft Visual Studio 12.0\VC\bin\x86_amd64\CL.exe /c /Zi /nologo /W3 /WX- /sdl /Od /D WIN32 /D _DEBUG /D _CONSOLE /D _LIB /D _UNICODE /D UNICODE /Gm /EHsc /RTC1 /MDd /GS /fp:precise /Zc:wchar_t /Zc:forScope /Fo"x64\Debug\\" /Fd"x64\Debug\vc120.pdb" /Gd /TP /errorReport:prompt "stl比赛案例.cpp"
         stl比赛案例.cpp
     1>stl比赛案例.cpp(69): warning C4244: “初始化”: 从“unsigned __int64”转换到“float”，可能丢失数据
     1>E:\Program Files (x86)\Microsoft Visual Studio 12.0\VC\include\utility(144): warning C4244: “初始化”: 从“float”转换到“int”，可能丢失数据
                 stl比赛案例.cpp(72): 参见对正在编译的函数 模板 实例化“std::pair<int,int>::pair<float&,int&,void>(_Other1,_Other2)”的引用
                 with
                 [
                     _Other1=float &
         ,            _Other2=int &
                 ]
                 stl比赛案例.cpp(72): 参见对正在编译的函数 模板 实例化“std::pair<int,int>::pair<float&,int&,void>(_Other1,_Other2)”的引用
                 with
                 [
                     _Other1=float &
         ,            _Other2=int &
                 ]
       Link:
         E:\Program Files (x86)\Microsoft Visual Studio 12.0\VC\bin\x86_amd64\link.exe /ERRORREPORT:PROMPT /OUT:"D:\code\VS_project\STL\STL综合案例(比赛)\比赛案例\x64\Debug\比赛案例.exe" /INCREMENTAL /NOLOGO kernel32.lib user32.lib gdi32.lib winspool.lib comdlg32.lib advapi32.lib shell32.lib ole32.lib oleaut32.lib uuid.lib odbc32.lib odbccp32.lib /MANIFEST /MANIFESTUAC:"level='asInvoker' uiAccess='false'" /manifest:embed /DEBUG /PDB:"D:\code\VS_project\STL\STL综合案例(比赛)\比赛案例\x64\Debug\比赛案例.pdb" /SUBSYSTEM:CONSOLE /TLBID:1 /DYNAMICBASE /NXCOMPAT /IMPLIB:"D:\code\VS_project\STL\STL综合案例(比赛)\比赛案例\x64\Debug\比赛案例.lib" /MACHINE:X64 "x64\Debug\stl比赛案例.obj"
         比赛案例.vcxproj -> D:\code\VS_project\STL\STL综合案例(比赛)\比赛案例\x64\Debug\比赛案例.exe
     1>已完成生成项目“D:\code\VS_project\STL\STL综合案例(比赛)\比赛案例\比赛案例\比赛案例.vcxproj”(Build 个目标)的操作。

生成成功。

已用时间 00:00:01.94
